<?xml version="1.0" encoding="UTF-8"?>
<!-- Generated by org.testng.reporters.JUnitXMLReporter -->
<testsuite ignored="0" hostname="DESKTOP-SH6864J" failures="1" tests="3" name="TestAutomation suit" time="77.593" errors="0" timestamp="2022-06-26T17:20:47 IST">
  <testcase classname="testcases.TestChallengeSuit" name="hyperlinktest" time="21.219"/>
  <testcase classname="testcases.TestChallengeSuit" name="loginTest" time="11.622">
    <failure type="java.lang.AssertionError" message="expected [sagarchalke233@gmail.com] but found [sagarchalke2@gmail.com]">
      <![CDATA[java.lang.AssertionError: expected [sagarchalke233@gmail.com] but found [sagarchalke2@gmail.com]
at testcases.TestChallengeSuit.loginTest(TestChallengeSuit.java:34)
at java.base/java.util.ArrayList.forEach(ArrayList.java:1511)
... Removed 33 stack frames]]>
    </failure>
  </testcase> <!-- loginTest -->
  <testcase classname="testcases.TestChallengeSuit" name="loginTest" time="10.543"/>
</testsuite> <!-- TestAutomation suit -->
